1578449802102	mozrunner::runner	INFO	Running command: "/usr/bin/firefox" "-marionette" "-headless" "-foreground" "-no-remote" "-profile" "/tmp/rust_mozprofileMKhzBQ"
*** You are running in headless mode.
1578449802446	addons.webextension.screenshots@mozilla.org	WARN	Loading extension 'screenshots@mozilla.org': Reading manifest: Invalid extension permission: mozillaAddons
1578449802446	addons.webextension.screenshots@mozilla.org	WARN	Loading extension 'screenshots@mozilla.org': Reading manifest: Invalid extension permission: telemetry
1578449802446	addons.webextension.screenshots@mozilla.org	WARN	Loading extension 'screenshots@mozilla.org': Reading manifest: Invalid extension permission: resource://pdf.js/
1578449802446	addons.webextension.screenshots@mozilla.org	WARN	Loading extension 'screenshots@mozilla.org': Reading manifest: Invalid extension permission: about:reader*
1578449803904	Marionette	INFO	Listening on port 43011
1578449803913	Marionette	WARN	TLS certificate errors will be ignored for this session
Exiting due to channel error.
Exiting due to channel error.
[GFX1-]: Receive IPC close with reason=AbnormalShutdown
Exiting due to channel error.
1578449838275	mozrunner::runner	INFO	Running command: "/usr/bin/firefox" "-marionette" "-headless" "-foreground" "-no-remote" "-profile" "/tmp/rust_mozprofilekDKVrz"
*** You are running in headless mode.
1578449838552	addons.webextension.screenshots@mozilla.org	WARN	Loading extension 'screenshots@mozilla.org': Reading manifest: Invalid extension permission: mozillaAddons
1578449838552	addons.webextension.screenshots@mozilla.org	WARN	Loading extension 'screenshots@mozilla.org': Reading manifest: Invalid extension permission: telemetry
1578449838552	addons.webextension.screenshots@mozilla.org	WARN	Loading extension 'screenshots@mozilla.org': Reading manifest: Invalid extension permission: resource://pdf.js/
1578449838552	addons.webextension.screenshots@mozilla.org	WARN	Loading extension 'screenshots@mozilla.org': Reading manifest: Invalid extension permission: about:reader*
1578449839834	Marionette	INFO	Listening on port 37689
1578449839884	Marionette	WARN	TLS certificate errors will be ignored for this session
Exiting due to channel error.
[GFX1-]: Receive IPC close with reason=AbnormalShutdown
Exiting due to channel error.
[Child 20677, Chrome_ChildThread] WARNING: pipe error (3): Connection reset by peer: file /build/firefox-kECWsf/firefox-71.0+build5/ipc/chromium/src/chrome/common/ipc_channel_posix.cc, line 358
Exiting due to channel error.
1578450003427	mozrunner::runner	INFO	Running command: "/usr/bin/firefox" "-marionette" "-headless" "-foreground" "-no-remote" "-profile" "/tmp/rust_mozprofileAvlD66"
*** You are running in headless mode.
1578450003717	addons.webextension.screenshots@mozilla.org	WARN	Loading extension 'screenshots@mozilla.org': Reading manifest: Invalid extension permission: mozillaAddons
1578450003718	addons.webextension.screenshots@mozilla.org	WARN	Loading extension 'screenshots@mozilla.org': Reading manifest: Invalid extension permission: telemetry
1578450003718	addons.webextension.screenshots@mozilla.org	WARN	Loading extension 'screenshots@mozilla.org': Reading manifest: Invalid extension permission: resource://pdf.js/
1578450003718	addons.webextension.screenshots@mozilla.org	WARN	Loading extension 'screenshots@mozilla.org': Reading manifest: Invalid extension permission: about:reader*
1578450004950	Marionette	INFO	Listening on port 36135
1578450005035	Marionette	WARN	TLS certificate errors will be ignored for this session
JavaScript warning: https://ajax.googleapis.com/ajax/libs/jquery/1.9.1/jquery.min.js, line 2: Using //@ to indicate sourceMappingURL pragmas is deprecated. Use //# instead
Exiting due to channel error.
Exiting due to channel error.
Exiting due to channel error.
1578450478842	mozrunner::runner	INFO	Running command: "/usr/bin/firefox" "-marionette" "-headless" "-foreground" "-no-remote" "-profile" "/tmp/rust_mozprofileAy6ZgT"
*** You are running in headless mode.
1578450479129	addons.webextension.screenshots@mozilla.org	WARN	Loading extension 'screenshots@mozilla.org': Reading manifest: Invalid extension permission: mozillaAddons
1578450479129	addons.webextension.screenshots@mozilla.org	WARN	Loading extension 'screenshots@mozilla.org': Reading manifest: Invalid extension permission: telemetry
1578450479130	addons.webextension.screenshots@mozilla.org	WARN	Loading extension 'screenshots@mozilla.org': Reading manifest: Invalid extension permission: resource://pdf.js/
1578450479130	addons.webextension.screenshots@mozilla.org	WARN	Loading extension 'screenshots@mozilla.org': Reading manifest: Invalid extension permission: about:reader*
1578450480394	Marionette	INFO	Listening on port 40479
1578450480449	Marionette	WARN	TLS certificate errors will be ignored for this session
JavaScript warning: https://ajax.googleapis.com/ajax/libs/jquery/1.9.1/jquery.min.js, line 2: Using //@ to indicate sourceMappingURL pragmas is deprecated. Use //# instead
Exiting due to channel error.
Exiting due to channel error.
Exiting due to channel error.
1578450624544	mozrunner::runner	INFO	Running command: "/usr/bin/firefox" "-marionette" "-headless" "-foreground" "-no-remote" "-profile" "/tmp/rust_mozprofileuFtUae"
*** You are running in headless mode.
1578450624828	addons.webextension.screenshots@mozilla.org	WARN	Loading extension 'screenshots@mozilla.org': Reading manifest: Invalid extension permission: mozillaAddons
1578450624828	addons.webextension.screenshots@mozilla.org	WARN	Loading extension 'screenshots@mozilla.org': Reading manifest: Invalid extension permission: telemetry
1578450624828	addons.webextension.screenshots@mozilla.org	WARN	Loading extension 'screenshots@mozilla.org': Reading manifest: Invalid extension permission: resource://pdf.js/
1578450624828	addons.webextension.screenshots@mozilla.org	WARN	Loading extension 'screenshots@mozilla.org': Reading manifest: Invalid extension permission: about:reader*
1578450626199	Marionette	INFO	Listening on port 44349
1578450626248	Marionette	WARN	TLS certificate errors will be ignored for this session
JavaScript warning: https://ajax.googleapis.com/ajax/libs/jquery/1.9.1/jquery.min.js, line 2: Using //@ to indicate sourceMappingURL pragmas is deprecated. Use //# instead
Exiting due to channel error.
Exiting due to channel error.
Exiting due to channel error.
1578450765674	mozrunner::runner	INFO	Running command: "/usr/bin/firefox" "-marionette" "-headless" "-foreground" "-no-remote" "-profile" "/tmp/rust_mozprofileKhXu1N"
*** You are running in headless mode.
1578450765950	addons.webextension.screenshots@mozilla.org	WARN	Loading extension 'screenshots@mozilla.org': Reading manifest: Invalid extension permission: mozillaAddons
1578450765950	addons.webextension.screenshots@mozilla.org	WARN	Loading extension 'screenshots@mozilla.org': Reading manifest: Invalid extension permission: telemetry
1578450765950	addons.webextension.screenshots@mozilla.org	WARN	Loading extension 'screenshots@mozilla.org': Reading manifest: Invalid extension permission: resource://pdf.js/
1578450765950	addons.webextension.screenshots@mozilla.org	WARN	Loading extension 'screenshots@mozilla.org': Reading manifest: Invalid extension permission: about:reader*
1578450767230	Marionette	INFO	Listening on port 44951
1578450767279	Marionette	WARN	TLS certificate errors will be ignored for this session
JavaScript warning: https://ajax.googleapis.com/ajax/libs/jquery/1.9.1/jquery.min.js, line 2: Using //@ to indicate sourceMappingURL pragmas is deprecated. Use //# instead
Exiting due to channel error.
Exiting due to channel error.
Exiting due to channel error.
1578450991037	mozrunner::runner	INFO	Running command: "/usr/bin/firefox" "-marionette" "-headless" "-foreground" "-no-remote" "-profile" "/tmp/rust_mozprofile0gEFAg"
*** You are running in headless mode.
1578450991315	addons.webextension.screenshots@mozilla.org	WARN	Loading extension 'screenshots@mozilla.org': Reading manifest: Invalid extension permission: mozillaAddons
1578450991315	addons.webextension.screenshots@mozilla.org	WARN	Loading extension 'screenshots@mozilla.org': Reading manifest: Invalid extension permission: telemetry
1578450991315	addons.webextension.screenshots@mozilla.org	WARN	Loading extension 'screenshots@mozilla.org': Reading manifest: Invalid extension permission: resource://pdf.js/
1578450991315	addons.webextension.screenshots@mozilla.org	WARN	Loading extension 'screenshots@mozilla.org': Reading manifest: Invalid extension permission: about:reader*
1578450992578	Marionette	INFO	Listening on port 39753
1578450992644	Marionette	WARN	TLS certificate errors will be ignored for this session
JavaScript warning: https://ajax.googleapis.com/ajax/libs/jquery/1.9.1/jquery.min.js, line 2: Using //@ to indicate sourceMappingURL pragmas is deprecated. Use //# instead
Exiting due to channel error.
Exiting due to channel error.
Exiting due to channel error.
1578451286771	mozrunner::runner	INFO	Running command: "/usr/bin/firefox" "-marionette" "-headless" "-foreground" "-no-remote" "-profile" "/tmp/rust_mozprofilexQ5cOA"
*** You are running in headless mode.
1578451287060	addons.webextension.screenshots@mozilla.org	WARN	Loading extension 'screenshots@mozilla.org': Reading manifest: Invalid extension permission: mozillaAddons
1578451287060	addons.webextension.screenshots@mozilla.org	WARN	Loading extension 'screenshots@mozilla.org': Reading manifest: Invalid extension permission: telemetry
1578451287060	addons.webextension.screenshots@mozilla.org	WARN	Loading extension 'screenshots@mozilla.org': Reading manifest: Invalid extension permission: resource://pdf.js/
1578451287060	addons.webextension.screenshots@mozilla.org	WARN	Loading extension 'screenshots@mozilla.org': Reading manifest: Invalid extension permission: about:reader*
1578451288397	Marionette	INFO	Listening on port 43829
1578451288478	Marionette	WARN	TLS certificate errors will be ignored for this session
JavaScript warning: https://ajax.googleapis.com/ajax/libs/jquery/1.9.1/jquery.min.js, line 2: Using //@ to indicate sourceMappingURL pragmas is deprecated. Use //# instead
JavaScript warning: https://ajax.googleapis.com/ajax/libs/jquery/1.9.1/jquery.min.js, line 2: Using //@ to indicate sourceMappingURL pragmas is deprecated. Use //# instead
JavaScript warning: https://ajax.googleapis.com/ajax/libs/jquery/1.9.1/jquery.min.js, line 2: Using //@ to indicate sourceMappingURL pragmas is deprecated. Use //# instead
1578529226364	mozrunner::runner	INFO	Running command: "/usr/bin/firefox" "-marionette" "-headless" "-foreground" "-no-remote" "-profile" "/tmp/rust_mozprofile1kM02M"
*** You are running in headless mode.
1578529226662	addons.webextension.screenshots@mozilla.org	WARN	Loading extension 'screenshots@mozilla.org': Reading manifest: Invalid extension permission: mozillaAddons
1578529226662	addons.webextension.screenshots@mozilla.org	WARN	Loading extension 'screenshots@mozilla.org': Reading manifest: Invalid extension permission: telemetry
1578529226662	addons.webextension.screenshots@mozilla.org	WARN	Loading extension 'screenshots@mozilla.org': Reading manifest: Invalid extension permission: resource://pdf.js/
1578529226662	addons.webextension.screenshots@mozilla.org	WARN	Loading extension 'screenshots@mozilla.org': Reading manifest: Invalid extension permission: about:reader*
1578529227967	Marionette	INFO	Listening on port 44105
1578529227970	Marionette	WARN	TLS certificate errors will be ignored for this session
Exiting due to channel error.
Exiting due to channel error.
Exiting due to channel error.
1578529294030	mozrunner::runner	INFO	Running command: "/usr/bin/firefox" "-marionette" "-headless" "-foreground" "-no-remote" "-profile" "/tmp/rust_mozprofilenSzrnY"
*** You are running in headless mode.
1578529294307	addons.webextension.screenshots@mozilla.org	WARN	Loading extension 'screenshots@mozilla.org': Reading manifest: Invalid extension permission: mozillaAddons
1578529294307	addons.webextension.screenshots@mozilla.org	WARN	Loading extension 'screenshots@mozilla.org': Reading manifest: Invalid extension permission: telemetry
1578529294307	addons.webextension.screenshots@mozilla.org	WARN	Loading extension 'screenshots@mozilla.org': Reading manifest: Invalid extension permission: resource://pdf.js/
1578529294307	addons.webextension.screenshots@mozilla.org	WARN	Loading extension 'screenshots@mozilla.org': Reading manifest: Invalid extension permission: about:reader*
1578529295543	Marionette	INFO	Listening on port 35825
1578529295638	Marionette	WARN	TLS certificate errors will be ignored for this session
JavaScript warning: https://ajax.googleapis.com/ajax/libs/jquery/1.9.1/jquery.min.js, line 2: Using //@ to indicate sourceMappingURL pragmas is deprecated. Use //# instead
JavaScript warning: https://ajax.googleapis.com/ajax/libs/jquery/1.9.1/jquery.min.js, line 2: Using //@ to indicate sourceMappingURL pragmas is deprecated. Use //# instead
JavaScript warning: https://ajax.googleapis.com/ajax/libs/jquery/1.9.1/jquery.min.js, line 2: Using //@ to indicate sourceMappingURL pragmas is deprecated. Use //# instead
JavaScript warning: https://ajax.googleapis.com/ajax/libs/jquery/1.9.1/jquery.min.js, line 2: Using //@ to indicate sourceMappingURL pragmas is deprecated. Use //# instead
Exiting due to channel error.
Exiting due to channel error.
Exiting due to channel error.
1578576891923	mozrunner::runner	INFO	Running command: "/usr/bin/firefox" "-marionette" "-headless" "-foreground" "-no-remote" "-profile" "/tmp/rust_mozprofilejUMgFC"
*** You are running in headless mode.
1578576892216	addons.webextension.screenshots@mozilla.org	WARN	Loading extension 'screenshots@mozilla.org': Reading manifest: Invalid extension permission: mozillaAddons
1578576892216	addons.webextension.screenshots@mozilla.org	WARN	Loading extension 'screenshots@mozilla.org': Reading manifest: Invalid extension permission: telemetry
1578576892216	addons.webextension.screenshots@mozilla.org	WARN	Loading extension 'screenshots@mozilla.org': Reading manifest: Invalid extension permission: resource://pdf.js/
1578576892216	addons.webextension.screenshots@mozilla.org	WARN	Loading extension 'screenshots@mozilla.org': Reading manifest: Invalid extension permission: about:reader*
1578576893485	Marionette	INFO	Listening on port 34423
1578576893529	Marionette	WARN	TLS certificate errors will be ignored for this session
JavaScript warning: https://ajax.googleapis.com/ajax/libs/jquery/1.9.1/jquery.min.js, line 2: Using //@ to indicate sourceMappingURL pragmas is deprecated. Use //# instead
JavaScript warning: https://ajax.googleapis.com/ajax/libs/jquery/1.9.1/jquery.min.js, line 2: Using //@ to indicate sourceMappingURL pragmas is deprecated. Use //# instead
JavaScript warning: https://ajax.googleapis.com/ajax/libs/jquery/1.9.1/jquery.min.js, line 2: Using //@ to indicate sourceMappingURL pragmas is deprecated. Use //# instead
JavaScript warning: https://ajax.googleapis.com/ajax/libs/jquery/1.9.1/jquery.min.js, line 2: Using //@ to indicate sourceMappingURL pragmas is deprecated. Use //# instead
JavaScript error: resource:///modules/BrowserUsageTelemetry.jsm, line 304: TypeError: this._timeouts.remove is not a function
JavaScript error: resource:///modules/BrowserUsageTelemetry.jsm, line 304: TypeError: this._timeouts.remove is not a function
JavaScript error: resource:///modules/BrowserUsageTelemetry.jsm, line 304: TypeError: this._timeouts.remove is not a function
JavaScript error: resource:///modules/BrowserUsageTelemetry.jsm, line 304: TypeError: this._timeouts.remove is not a function
JavaScript error: resource:///modules/BrowserUsageTelemetry.jsm, line 304: TypeError: this._timeouts.remove is not a function
JavaScript error: resource:///modules/BrowserUsageTelemetry.jsm, line 304: TypeError: this._timeouts.remove is not a function
JavaScript error: resource:///modules/BrowserUsageTelemetry.jsm, line 304: TypeError: this._timeouts.remove is not a function
JavaScript error: resource:///modules/BrowserUsageTelemetry.jsm, line 304: TypeError: this._timeouts.remove is not a function
JavaScript error: resource:///modules/BrowserUsageTelemetry.jsm, line 304: TypeError: this._timeouts.remove is not a function
JavaScript error: resource:///modules/BrowserUsageTelemetry.jsm, line 304: TypeError: this._timeouts.remove is not a function
JavaScript error: resource:///modules/BrowserUsageTelemetry.jsm, line 304: TypeError: this._timeouts.remove is not a function
JavaScript error: resource:///modules/BrowserUsageTelemetry.jsm, line 304: TypeError: this._timeouts.remove is not a function
JavaScript error: resource:///modules/BrowserUsageTelemetry.jsm, line 304: TypeError: this._timeouts.remove is not a function
JavaScript error: resource:///modules/BrowserUsageTelemetry.jsm, line 304: TypeError: this._timeouts.remove is not a function
JavaScript error: resource:///modules/BrowserUsageTelemetry.jsm, line 304: TypeError: this._timeouts.remove is not a function
JavaScript error: resource:///modules/BrowserUsageTelemetry.jsm, line 304: TypeError: this._timeouts.remove is not a function
JavaScript error: resource:///modules/BrowserUsageTelemetry.jsm, line 304: TypeError: this._timeouts.remove is not a function
JavaScript error: resource:///modules/BrowserUsageTelemetry.jsm, line 304: TypeError: this._timeouts.remove is not a function
JavaScript error: resource:///modules/BrowserUsageTelemetry.jsm, line 304: TypeError: this._timeouts.remove is not a function
JavaScript error: resource:///modules/BrowserUsageTelemetry.jsm, line 304: TypeError: this._timeouts.remove is not a function
JavaScript error: resource:///modules/BrowserUsageTelemetry.jsm, line 304: TypeError: this._timeouts.remove is not a function
JavaScript error: resource:///modules/BrowserUsageTelemetry.jsm, line 304: TypeError: this._timeouts.remove is not a function
JavaScript error: resource:///modules/BrowserUsageTelemetry.jsm, line 304: TypeError: this._timeouts.remove is not a function
JavaScript error: resource:///modules/BrowserUsageTelemetry.jsm, line 304: TypeError: this._timeouts.remove is not a function
JavaScript error: resource:///modules/BrowserUsageTelemetry.jsm, line 304: TypeError: this._timeouts.remove is not a function
JavaScript error: resource:///modules/BrowserUsageTelemetry.jsm, line 304: TypeError: this._timeouts.remove is not a function
JavaScript error: resource:///modules/BrowserUsageTelemetry.jsm, line 304: TypeError: this._timeouts.remove is not a function
JavaScript error: resource:///modules/BrowserUsageTelemetry.jsm, line 304: TypeError: this._timeouts.remove is not a function
Exiting due to channel error.
Exiting due to channel error.
Exiting due to channel error.
1578764759971	mozrunner::runner	INFO	Running command: "/usr/bin/firefox" "-marionette" "-headless" "-foreground" "-no-remote" "-profile" "/tmp/rust_mozprofileyzYhSu"
*** You are running in headless mode.
1578764760432	addons.webextension.doh-rollout@mozilla.org	WARN	Loading extension 'doh-rollout@mozilla.org': Reading manifest: Invalid extension permission: networkStatus
1578764760612	addons.webextension.screenshots@mozilla.org	WARN	Loading extension 'screenshots@mozilla.org': Reading manifest: Invalid extension permission: mozillaAddons
1578764760612	addons.webextension.screenshots@mozilla.org	WARN	Loading extension 'screenshots@mozilla.org': Reading manifest: Invalid extension permission: telemetry
1578764760613	addons.webextension.screenshots@mozilla.org	WARN	Loading extension 'screenshots@mozilla.org': Reading manifest: Invalid extension permission: resource://pdf.js/
1578764760613	addons.webextension.screenshots@mozilla.org	WARN	Loading extension 'screenshots@mozilla.org': Reading manifest: Invalid extension permission: about:reader*
1578764763378	Marionette	INFO	Listening on port 39571
1578764763388	Marionette	WARN	TLS certificate errors will be ignored for this session
JavaScript error: resource:///actors/ContentMetaChild.jsm, line 167: InvalidStateError: An attempt was made to use an object that is not, or is no longer, usable
JavaScript warning: https://ajax.googleapis.com/ajax/libs/jquery/1.9.1/jquery.min.js, line 2: Using //@ to indicate sourceMappingURL pragmas is deprecated. Use //# instead
JavaScript warning: https://ajax.googleapis.com/ajax/libs/jquery/1.9.1/jquery.min.js, line 2: Using //@ to indicate sourceMappingURL pragmas is deprecated. Use //# instead
JavaScript warning: https://ajax.googleapis.com/ajax/libs/jquery/1.9.1/jquery.min.js, line 2: Using //@ to indicate sourceMappingURL pragmas is deprecated. Use //# instead
JavaScript warning: https://ajax.googleapis.com/ajax/libs/jquery/1.9.1/jquery.min.js, line 2: Using //@ to indicate sourceMappingURL pragmas is deprecated. Use //# instead
